<?xml version="1.0" encoding="UTF-8"?>
<!-- Generated by org.testng.reporters.JUnitReportReporter -->
<testsuite hostname="LAPTOP-EP7IO2KO" failures="0" tests="1" name="com.activetime.baseclass.Base" time="0.013" errors="0" timestamp="2023-11-21T12:55:04 IST" skipped="0">
  <testcase classname="com.activetime.baseclass.Base" name="openbrowser" time="0.013"/>
</testsuite> <!-- com.activetime.baseclass.Base -->
